<?xml version="1.0" encoding="UTF-8" ?>
<testsuite tests="8" failures="0" name="UnitTests.Movie" time="0" errors="0" skipped="0">
  <properties>
[...]
</properties>
  <testcase classname="UnitTests.Movie" name="movie_isEmptyFunc_directorsEmpty_test" time="0"/>
  <testcase classname="UnitTests.Movie" name="movie_isEmptyFunc_askForNonSenseEmpty_test" time="0"/>
  <testcase classname="UnitTests.Movie" name="movie_isEmptyFunc_directorsFull_test" time="0"/>
  <testcase classname="UnitTests.Movie" name="movie_isEmptyFunc_scenaristsFull_test" time="0"/>
  <testcase classname="UnitTests.Movie" name="movie_CloneFunc_copyObjectOK_test" time="0"/>
  <testcase classname="UnitTests.Movie" name="movie_isEmptyFunc_scenaristsEmpty_test" time="0"/>
  <testcase classname="UnitTests.Movie" name="movie_isEmptyFunc_actorsEmpty_test" time="0"/>
  <testcase classname="UnitTests.Movie" name="movie_isEmptyFunc_actorsFull_test" time="0"/>
</testsuite>